{"timestamp":"2026-05-10 13:23:56","component":"ICS","message":"Fetching ICS calendar","status":"info","details":{"url":"https:\/\/calendar.google.com\/calendar\/ical\/c303c9aa08e0a090db126a0b15eb0bc0e8b66cc1af810aa971059b7b01b6d25a@group.calendar.google.com\/public\/basic.ics?nocache=1778419436573"}}
{"timestamp":"2026-05-10 13:23:57","component":"ICS","message":"Successfully fetched ICS calendar","status":"success","details":{"url":"https:\/\/calendar.google.com\/calendar\/ical\/c303c9aa08e0a090db126a0b15eb0bc0e8b66cc1af810aa971059b7b01b6d25a@group.calendar.google.com\/public\/basic.ics?nocache=1778419436573","bytes":261314}}
{"timestamp":"2026-05-10 13:23:57","component":"ICS","message":"Fetching ICS calendar","status":"info","details":{"url":"https:\/\/calendars.icloud.com\/holidays\/us_en-us.ics?nocache=1778419436574"}}
{"timestamp":"2026-05-10 13:23:57","component":"ICS","message":"Successfully fetched ICS calendar","status":"success","details":{"url":"https:\/\/calendars.icloud.com\/holidays\/us_en-us.ics?nocache=1778419436574","bytes":38460}}
{"timestamp":"2026-05-10 13:23:57","component":"ICS","message":"Fetching ICS calendar","status":"info","details":{"url":"https:\/\/calendar.google.com\/calendar\/ical\/amarshall@oaklandme.gov\/public\/basic.ics?nocache=1778419436574"}}
{"timestamp":"2026-05-10 13:23:57","component":"ICS","message":"Successfully fetched ICS calendar","status":"success","details":{"url":"https:\/\/calendar.google.com\/calendar\/ical\/amarshall@oaklandme.gov\/public\/basic.ics?nocache=1778419436574","bytes":75523}}
{"timestamp":"2026-05-10 13:23:58","component":"ICS","message":"Fetching ICS calendar","status":"info","details":{"url":"https:\/\/calendar.google.com\/calendar\/ical\/permitsburn@gmail.com\/public\/basic.ics?nocache=1778419436578"}}
{"timestamp":"2026-05-10 13:23:58","component":"ICS","message":"Successfully fetched ICS calendar","status":"success","details":{"url":"https:\/\/calendar.google.com\/calendar\/ical\/permitsburn@gmail.com\/public\/basic.ics?nocache=1778419436578","bytes":1124636}}
{"timestamp":"2026-05-10 13:32:26","component":"ICS","message":"Fetching ICS calendar","status":"info","details":{"url":"https:\/\/calendar.google.com\/calendar\/ical\/c303c9aa08e0a090db126a0b15eb0bc0e8b66cc1af810aa971059b7b01b6d25a@group.calendar.google.com\/public\/basic.ics?nocache=1778419946616"}}
{"timestamp":"2026-05-10 13:32:26","component":"ICS","message":"Fetching ICS calendar","status":"info","details":{"url":"https:\/\/calendars.icloud.com\/holidays\/us_en-us.ics?nocache=1778419946617"}}
{"timestamp":"2026-05-10 13:32:26","component":"ICS","message":"Fetching ICS calendar","status":"info","details":{"url":"https:\/\/calendar.google.com\/calendar\/ical\/amarshall@oaklandme.gov\/public\/basic.ics?nocache=1778419946618"}}
{"timestamp":"2026-05-10 13:32:26","component":"ICS","message":"Fetching ICS calendar","status":"info","details":{"url":"https:\/\/calendar.google.com\/calendar\/ical\/permitsburn@gmail.com\/public\/basic.ics?nocache=1778419946621"}}
{"timestamp":"2026-05-13 10:34:30","component":"ICS","message":"Fetching ICS calendar","status":"info","details":{"url":"https:\/\/calendar.google.com\/calendar\/ical\/c303c9aa08e0a090db126a0b15eb0bc0e8b66cc1af810aa971059b7b01b6d25a@group.calendar.google.com\/public\/basic.ics?nocache=1778668470456"}}
{"timestamp":"2026-05-13 10:34:31","component":"ICS","message":"Successfully fetched ICS calendar","status":"success","details":{"url":"https:\/\/calendar.google.com\/calendar\/ical\/c303c9aa08e0a090db126a0b15eb0bc0e8b66cc1af810aa971059b7b01b6d25a@group.calendar.google.com\/public\/basic.ics?nocache=1778668470456","bytes":261316}}
{"timestamp":"2026-05-13 10:34:31","component":"ICS","message":"Fetching ICS calendar","status":"info","details":{"url":"https:\/\/calendars.icloud.com\/holidays\/us_en-us.ics?nocache=1778668470456"}}
{"timestamp":"2026-05-13 10:34:31","component":"ICS","message":"Successfully fetched ICS calendar","status":"success","details":{"url":"https:\/\/calendars.icloud.com\/holidays\/us_en-us.ics?nocache=1778668470456","bytes":38460}}
{"timestamp":"2026-05-13 10:34:31","component":"ICS","message":"Fetching ICS calendar","status":"info","details":{"url":"https:\/\/calendar.google.com\/calendar\/ical\/amarshall@oaklandme.gov\/public\/basic.ics?nocache=1778668470457"}}
{"timestamp":"2026-05-13 10:34:32","component":"ICS","message":"Successfully fetched ICS calendar","status":"success","details":{"url":"https:\/\/calendar.google.com\/calendar\/ical\/amarshall@oaklandme.gov\/public\/basic.ics?nocache=1778668470457","bytes":75523}}
{"timestamp":"2026-05-13 10:34:32","component":"ICS","message":"Fetching ICS calendar","status":"info","details":{"url":"https:\/\/calendar.google.com\/calendar\/ical\/permitsburn@gmail.com\/public\/basic.ics?nocache=1778668470462"}}
{"timestamp":"2026-05-13 10:37:53","component":"ICS","message":"Fetching ICS calendar","status":"info","details":{"url":"https:\/\/calendar.google.com\/calendar\/ical\/c303c9aa08e0a090db126a0b15eb0bc0e8b66cc1af810aa971059b7b01b6d25a@group.calendar.google.com\/public\/basic.ics?nocache=1778668673044"}}
{"timestamp":"2026-05-13 10:37:53","component":"ICS","message":"Fetching ICS calendar","status":"info","details":{"url":"https:\/\/calendars.icloud.com\/holidays\/us_en-us.ics?nocache=1778668673045"}}
{"timestamp":"2026-05-13 10:37:53","component":"ICS","message":"Fetching ICS calendar","status":"info","details":{"url":"https:\/\/calendar.google.com\/calendar\/ical\/amarshall@oaklandme.gov\/public\/basic.ics?nocache=1778668673045"}}
{"timestamp":"2026-05-13 10:37:53","component":"ICS","message":"Fetching ICS calendar","status":"info","details":{"url":"https:\/\/calendar.google.com\/calendar\/ical\/permitsburn@gmail.com\/public\/basic.ics?nocache=1778668673048"}}
{"timestamp":"2026-05-13 10:53:54","component":"ICS","message":"Fetching ICS calendar","status":"info","details":{"url":"https:\/\/calendar.google.com\/calendar\/ical\/c303c9aa08e0a090db126a0b15eb0bc0e8b66cc1af810aa971059b7b01b6d25a@group.calendar.google.com\/public\/basic.ics?nocache=1778669634054"}}
{"timestamp":"2026-05-13 10:55:20","component":"ICS","message":"Fetching ICS calendar","status":"info","details":{"url":"https:\/\/calendar.google.com\/calendar\/ical\/c303c9aa08e0a090db126a0b15eb0bc0e8b66cc1af810aa971059b7b01b6d25a@group.calendar.google.com\/public\/basic.ics?nocache=1778669715975"}}
{"timestamp":"2026-05-13 10:55:22","component":"ICS","message":"Successfully fetched ICS calendar","status":"success","details":{"url":"https:\/\/calendar.google.com\/calendar\/ical\/c303c9aa08e0a090db126a0b15eb0bc0e8b66cc1af810aa971059b7b01b6d25a@group.calendar.google.com\/public\/basic.ics?nocache=1778669715975","bytes":261316}}
{"timestamp":"2026-05-13 10:55:22","component":"ICS","message":"Fetching ICS calendar","status":"info","details":{"url":"https:\/\/calendars.icloud.com\/holidays\/us_en-us.ics?nocache=1778669715976"}}
{"timestamp":"2026-05-13 10:55:22","component":"ICS","message":"Successfully fetched ICS calendar","status":"success","details":{"url":"https:\/\/calendars.icloud.com\/holidays\/us_en-us.ics?nocache=1778669715976","bytes":38460}}
{"timestamp":"2026-05-13 10:55:22","component":"ICS","message":"Fetching ICS calendar","status":"info","details":{"url":"https:\/\/calendar.google.com\/calendar\/ical\/amarshall@oaklandme.gov\/public\/basic.ics?nocache=1778669715976"}}
{"timestamp":"2026-05-13 10:55:22","component":"ICS","message":"Successfully fetched ICS calendar","status":"success","details":{"url":"https:\/\/calendar.google.com\/calendar\/ical\/amarshall@oaklandme.gov\/public\/basic.ics?nocache=1778669715976","bytes":75523}}
{"timestamp":"2026-05-13 10:55:23","component":"ICS","message":"Fetching ICS calendar","status":"info","details":{"url":"https:\/\/calendar.google.com\/calendar\/ical\/permitsburn@gmail.com\/public\/basic.ics?nocache=1778669715978"}}
{"timestamp":"2026-05-13 10:55:23","component":"ICS","message":"Successfully fetched ICS calendar","status":"success","details":{"url":"https:\/\/calendar.google.com\/calendar\/ical\/permitsburn@gmail.com\/public\/basic.ics?nocache=1778669715978","bytes":1144357}}
{"timestamp":"2026-05-13 10:55:53","component":"ICS","message":"Fetching ICS calendar","status":"info","details":{"url":"https:\/\/calendar.google.com\/calendar\/ical\/c303c9aa08e0a090db126a0b15eb0bc0e8b66cc1af810aa971059b7b01b6d25a@group.calendar.google.com\/public\/basic.ics?nocache=1778669753288"}}
{"timestamp":"2026-05-13 10:55:53","component":"ICS","message":"Fetching ICS calendar","status":"info","details":{"url":"https:\/\/calendars.icloud.com\/holidays\/us_en-us.ics?nocache=1778669753289"}}
{"timestamp":"2026-05-13 10:55:53","component":"ICS","message":"Fetching ICS calendar","status":"info","details":{"url":"https:\/\/calendar.google.com\/calendar\/ical\/amarshall@oaklandme.gov\/public\/basic.ics?nocache=1778669753290"}}
{"timestamp":"2026-05-13 10:55:53","component":"ICS","message":"Fetching ICS calendar","status":"info","details":{"url":"https:\/\/calendar.google.com\/calendar\/ical\/permitsburn@gmail.com\/public\/basic.ics?nocache=1778669753291"}}
{"timestamp":"2026-05-13 10:57:05","component":"ICS","message":"Fetching ICS calendar","status":"info","details":{"url":"https:\/\/calendar.google.com\/calendar\/ical\/c303c9aa08e0a090db126a0b15eb0bc0e8b66cc1af810aa971059b7b01b6d25a@group.calendar.google.com\/public\/basic.ics?nocache=1778669824013"}}
{"timestamp":"2026-05-13 10:57:05","component":"ICS","message":"Fetching ICS calendar","status":"info","details":{"url":"https:\/\/calendars.icloud.com\/holidays\/us_en-us.ics?nocache=1778669824014"}}
{"timestamp":"2026-05-13 10:57:05","component":"ICS","message":"Fetching ICS calendar","status":"info","details":{"url":"https:\/\/calendar.google.com\/calendar\/ical\/amarshall@oaklandme.gov\/public\/basic.ics?nocache=1778669824014"}}
{"timestamp":"2026-05-13 10:57:05","component":"ICS","message":"Fetching ICS calendar","status":"info","details":{"url":"https:\/\/calendar.google.com\/calendar\/ical\/permitsburn@gmail.com\/public\/basic.ics?nocache=1778669824016"}}
{"timestamp":"2026-05-13 10:57:36","component":"ICS","message":"Fetching ICS calendar","status":"info","details":{"url":"https:\/\/calendar.google.com\/calendar\/ical\/c303c9aa08e0a090db126a0b15eb0bc0e8b66cc1af810aa971059b7b01b6d25a@group.calendar.google.com\/public\/basic.ics?nocache=1778669855165"}}
{"timestamp":"2026-05-13 10:57:36","component":"ICS","message":"Fetching ICS calendar","status":"info","details":{"url":"https:\/\/calendars.icloud.com\/holidays\/us_en-us.ics?nocache=1778669855165"}}
{"timestamp":"2026-05-13 10:57:36","component":"ICS","message":"Fetching ICS calendar","status":"info","details":{"url":"https:\/\/calendar.google.com\/calendar\/ical\/amarshall@oaklandme.gov\/public\/basic.ics?nocache=1778669855166"}}
{"timestamp":"2026-05-13 10:57:36","component":"ICS","message":"Fetching ICS calendar","status":"info","details":{"url":"https:\/\/calendar.google.com\/calendar\/ical\/permitsburn@gmail.com\/public\/basic.ics?nocache=1778669855167"}}
{"timestamp":"2026-05-13 10:58:11","component":"ICS","message":"Fetching ICS calendar","status":"info","details":{"url":"https:\/\/calendar.google.com\/calendar\/ical\/c303c9aa08e0a090db126a0b15eb0bc0e8b66cc1af810aa971059b7b01b6d25a@group.calendar.google.com\/public\/basic.ics?nocache=1778669890783"}}
{"timestamp":"2026-05-13 10:58:11","component":"ICS","message":"Fetching ICS calendar","status":"info","details":{"url":"https:\/\/calendars.icloud.com\/holidays\/us_en-us.ics?nocache=1778669890784"}}
{"timestamp":"2026-05-13 10:58:11","component":"ICS","message":"Fetching ICS calendar","status":"info","details":{"url":"https:\/\/calendar.google.com\/calendar\/ical\/amarshall@oaklandme.gov\/public\/basic.ics?nocache=1778669890784"}}
{"timestamp":"2026-05-13 10:58:11","component":"ICS","message":"Fetching ICS calendar","status":"info","details":{"url":"https:\/\/calendar.google.com\/calendar\/ical\/permitsburn@gmail.com\/public\/basic.ics?nocache=1778669890786"}}
